<?xml version="1.0" encoding="UTF-8"?>
<!-- Generated by org.testng.reporters.JUnitReportReporter -->
<testsuite skipped="0" hostname="Aditi" name="com.amazon.qa.pagesTest.HomePageTest" tests="3" failures="0" timestamp="14 Mar 2018 23:26:24 GMT" time="49.438" errors="0">
  <testcase name="verifyTitleTest" time="14.348" classname="com.amazon.qa.pagesTest.HomePageTest"/>
  <testcase name="verifyLoggedInNameTest" time="16.555" classname="com.amazon.qa.pagesTest.HomePageTest"/>
  <testcase name="verifySearBoxTestTest" time="18.535" classname="com.amazon.qa.pagesTest.HomePageTest"/>
</testsuite> <!-- com.amazon.qa.pagesTest.HomePageTest -->
