<?xml version="1.0" encoding="UTF-8"?>
<!-- Generated by org.testng.reporters.JUnitReportReporter -->
<testsuite skipped="0" hostname="Aditi" name="com.amazon.qa.pagesTest.LoginPageTest" tests="3" failures="0" timestamp="09 Mar 2018 03:16:02 GMT" time="30.232" errors="0">
  <testcase name="verifyTitleTest" time="7.853" classname="com.amazon.qa.pagesTest.LoginPageTest"/>
  <testcase name="verifyAmazonLogoTest" time="8.989" classname="com.amazon.qa.pagesTest.LoginPageTest"/>
  <testcase name="verifyLoginTest" time="13.390" classname="com.amazon.qa.pagesTest.LoginPageTest"/>
</testsuite> <!-- com.amazon.qa.pagesTest.LoginPageTest -->
